<?xml version="1.0" encoding="UTF-8"?>
<testsuite name="com.booker.test.BookRepositoryImplTest" tests="3" skipped="0" failures="0" errors="0" timestamp="2016-12-26T21:37:33" hostname="Mamoudou-PC" time="0.413">
  <properties/>
  <testcase name="getBook" classname="com.booker.test.BookRepositoryImplTest" time="0.408"/>
  <testcase name="getNullBook" classname="com.booker.test.BookRepositoryImplTest" time="0.0"/>
  <testcase name="getBookGreaterThanZero" classname="com.booker.test.BookRepositoryImplTest" time="0.004"/>
  <system-out><![CDATA[]]></system-out>
  <system-err><![CDATA[]]></system-err>
</testsuite>
